This file contains any messages produced by compilers while
running configure, to aid debugging if configure makes a mistake.

It was created by Prestan configure 0.1.0, which was
generated by GNU Autoconf 2.57.  Invocation command line was

  $ ./configure 

## --------- ##
## Platform. ##
## --------- ##

hostname = ocean
uname -m = i686
uname -r = 2.4.20-19.7
uname -s = Linux
uname -v = #1 Tue Jul 15 13:44:14 EDT 2003

/usr/bin/uname -p = unknown
/bin/uname -X     = unknown

/bin/arch              = i686
/usr/bin/arch -k       = unknown
/usr/convex/getsysinfo = unknown
hostinfo               = unknown
/bin/machine           = unknown
/usr/bin/oslevel       = unknown
/bin/universe          = unknown

PATH: /usr/public/cmucl/bin
PATH: /bin
PATH: /usr/bin
PATH: /usr/local/gnu/bin
PATH: /usr/local/X11R6/bin
PATH: /usr/local/share/request/bin
PATH: /usr/local/teTeX/bin
PATH: /usr/local/bin
PATH: /usr/local/TeX/lib/inputs
PATH: .
PATH: /cse/classes/cmpe250/Fall03/project/bin/
PATH: /cse/grads/lori/source
PATH: /cse/grads/lori/bin
PATH: /usr/local/gnu/bin
PATH: /usr/sbin
PATH: /opt/SUNWspro/bin
PATH: /bin
PATH: /usr/bin
PATH: /usr/ccs/bin
PATH: /usr/local/X11R6/bin
PATH: /usr/local/teTeX/bin
PATH: /usr/local/bin
PATH: /usr/local/gnu/bin
PATH: /usr/openwin/bin
PATH: /usr/ucb
PATH: /usr/local/etc
PATH: /usr/dt/bin
PATH: /projects/kestrel/users/mult/tools/bin
PATH: /projects/cad/bin
PATH: /projects/cadtools/mentor/bin
PATH: /projects/cadtools/mentor/modelsim/modeltech/bin
PATH: /projects/public/ADK/exemplar/bin/SunOS5
PATH: /projects/public/ADK/adk/bin
PATH: /projects/public/ADK/exemplar/bin
PATH: /projects/public/csim/solaris/c
PATH: CPT/bin
PATH: CPT/bin/sol
PATH: /csl/grads/txu/mcvertStuff
PATH: /projects/ccrg/lori/RealPlayer
PATH: /projects/ccrg/3/lori/ns2.26/ns-allinone-2.26/nam-1.9
PATH: /csl/grads/txu/ns-allinone-2.26/bin


## ----------- ##
## Core tests. ##
## ----------- ##

configure:1346: checking for gcc
configure:1362: found /usr/bin/gcc
configure:1372: result: gcc
configure:1616: checking for C compiler version
configure:1619: gcc --version </dev/null >&5
2.96
configure:1622: $? = 0
configure:1624: gcc -v </dev/null >&5
Reading specs from /usr/lib/gcc-lib/i386-redhat-linux/2.96/specs
gcc version 2.96 20000731 (Red Hat Linux 7.2 2.96-112.7.2)
configure:1627: $? = 0
configure:1629: gcc -V </dev/null >&5
gcc: argument to `-V' is missing
configure:1632: $? = 1
configure:1656: checking for C compiler default output
configure:1659: gcc    conftest.c  >&5
configure:1662: $? = 0
configure:1708: result: a.out
configure:1713: checking whether the C compiler works
configure:1719: ./a.out
configure:1722: $? = 0
configure:1739: result: yes
configure:1746: checking whether we are cross compiling
configure:1748: result: no
configure:1751: checking for suffix of executables
configure:1753: gcc -o conftest    conftest.c  >&5
configure:1756: $? = 0
configure:1781: result: 
configure:1787: checking for suffix of object files
configure:1809: gcc -c   conftest.c >&5
configure:1812: $? = 0
configure:1834: result: o
configure:1838: checking whether we are using the GNU C compiler
configure:1863: gcc -c   conftest.c >&5
configure:1866: $? = 0
configure:1869: test -s conftest.o
configure:1872: $? = 0
configure:1885: result: yes
configure:1891: checking whether gcc accepts -g
configure:1913: gcc -c -g  conftest.c >&5
configure:1916: $? = 0
configure:1919: test -s conftest.o
configure:1922: $? = 0
configure:1933: result: yes
configure:1950: checking for gcc option to accept ANSI C
configure:2011: gcc  -c -g -O2  conftest.c >&5
configure:2014: $? = 0
configure:2017: test -s conftest.o
configure:2020: $? = 0
configure:2038: result: none needed
configure:2056: gcc -c -g -O2  conftest.c >&5
conftest.c:2: parse error before `me'
configure:2059: $? = 1
configure: failed program was:
| #ifndef __cplusplus
|   choke me
| #endif
configure:2168: checking whether make sets $(MAKE)
configure:2188: result: yes
configure:2234: checking for a BSD-compatible install
configure:2288: result: /usr/bin/install -c
configure:2323: checking for strerror in -lcposix
configure:2354: gcc -o conftest -g -O2   conftest.c -lcposix   >&5
/usr/bin/ld: cannot find -lcposix
collect2: ld returned 1 exit status
configure:2357: $? = 1
configure: failed program was:
| #line 2330 "configure"
| /* confdefs.h.  */
| 
| #define PACKAGE_NAME "Prestan"
| #define PACKAGE_TARNAME "Prestan"
| #define PACKAGE_VERSION "0.1.0"
| #define PACKAGE_STRING "Prestan 0.1.0"
| #define PACKAGE_BUGREPORT "grase@cs.ucsc.edu"
| #define _GNU_SOURCE 1
| /* end confdefs.h.  */
| 
| /* Override any gcc2 internal prototype to avoid an error.  */
| #ifdef __cplusplus
| extern "C"
| #endif
| /* We use char because int might match the return type of a gcc2
|    builtin and then its argument prototype would still apply.  */
| char strerror ();
| int
| main ()
| {
| strerror ();
|   ;
|   return 0;
| }
configure:2375: result: no
configure:2383: checking for inline
configure:2405: gcc -c -g -O2  conftest.c >&5
configure:2408: $? = 0
configure:2411: test -s conftest.o
configure:2414: $? = 0
configure:2426: result: inline
configure:2441: checking for an ANSI C-conforming const
configure:2509: gcc -c -g -O2  conftest.c >&5
configure:2512: $? = 0
configure:2515: test -s conftest.o
configure:2518: $? = 0
configure:2529: result: yes
configure:2544: checking how to run the C preprocessor
configure:2580: gcc -E  conftest.c
configure:2586: $? = 0
configure:2618: gcc -E  conftest.c
configure:2618:28: ac_nonexistent.h: No such file or directory
configure:2624: $? = 1
configure: failed program was:
| #line 2609 "configure"
| /* confdefs.h.  */
| 
| #define PACKAGE_NAME "Prestan"
| #define PACKAGE_TARNAME "Prestan"
| #define PACKAGE_VERSION "0.1.0"
| #define PACKAGE_STRING "Prestan 0.1.0"
| #define PACKAGE_BUGREPORT "grase@cs.ucsc.edu"
| #define _GNU_SOURCE 1
| /* end confdefs.h.  */
| #include <ac_nonexistent.h>
configure:2662: result: gcc -E
configure:2687: gcc -E  conftest.c
configure:2693: $? = 0
configure:2725: gcc -E  conftest.c
configure:2725:28: ac_nonexistent.h: No such file or directory
configure:2731: $? = 1
configure: failed program was:
| #line 2716 "configure"
| /* confdefs.h.  */
| 
| #define PACKAGE_NAME "Prestan"
| #define PACKAGE_TARNAME "Prestan"
| #define PACKAGE_VERSION "0.1.0"
| #define PACKAGE_STRING "Prestan 0.1.0"
| #define PACKAGE_BUGREPORT "grase@cs.ucsc.edu"
| #define _GNU_SOURCE 1
| /* end confdefs.h.  */
| #include <ac_nonexistent.h>
configure:2774: checking for egrep
configure:2784: result: grep -E
configure:2789: checking for ANSI C header files
configure:2815: gcc -c -g -O2  conftest.c >&5
configure:2818: $? = 0
configure:2821: test -s conftest.o
configure:2824: $? = 0
configure:2913: gcc -o conftest -g -O2   conftest.c  >&5
configure:2916: $? = 0
configure:2918: ./conftest
configure:2921: $? = 0
configure:2936: result: yes
configure:2960: checking for sys/types.h
configure:2977: gcc -c -g -O2  conftest.c >&5
configure:2980: $? = 0
configure:2983: test -s conftest.o
configure:2986: $? = 0
configure:2997: result: yes
configure:2960: checking for sys/stat.h
configure:2977: gcc -c -g -O2  conftest.c >&5
configure:2980: $? = 0
configure:2983: test -s conftest.o
configure:2986: $? = 0
configure:2997: result: yes
configure:2960: checking for stdlib.h
configure:2977: gcc -c -g -O2  conftest.c >&5
configure:2980: $? = 0
configure:2983: test -s conftest.o
configure:2986: $? = 0
configure:2997: result: yes
configure:2960: checking for string.h
configure:2977: gcc -c -g -O2  conftest.c >&5
configure:2980: $? = 0
configure:2983: test -s conftest.o
configure:2986: $? = 0
configure:2997: result: yes
configure:2960: checking for memory.h
configure:2977: gcc -c -g -O2  conftest.c >&5
configure:2980: $? = 0
configure:2983: test -s conftest.o
configure:2986: $? = 0
configure:2997: result: yes
configure:2960: checking for strings.h
configure:2977: gcc -c -g -O2  conftest.c >&5
configure:2980: $? = 0
configure:2983: test -s conftest.o
configure:2986: $? = 0
configure:2997: result: yes
configure:2960: checking for inttypes.h
configure:2977: gcc -c -g -O2  conftest.c >&5
configure:2980: $? = 0
configure:2983: test -s conftest.o
configure:2986: $? = 0
configure:2997: result: yes
configure:2960: checking for stdint.h
configure:2977: gcc -c -g -O2  conftest.c >&5
configure:2980: $? = 0
configure:2983: test -s conftest.o
configure:2986: $? = 0
configure:2997: result: yes
configure:2960: checking for unistd.h
configure:2977: gcc -c -g -O2  conftest.c >&5
configure:2980: $? = 0
configure:2983: test -s conftest.o
configure:2986: $? = 0
configure:2997: result: yes
configure:3009: checking for size_t
configure:3034: gcc -c -g -O2  conftest.c >&5
configure:3037: $? = 0
configure:3040: test -s conftest.o
configure:3043: $? = 0
configure:3054: result: yes
configure:3066: checking for off_t
configure:3091: gcc -c -g -O2  conftest.c >&5
configure:3094: $? = 0
configure:3097: test -s conftest.o
configure:3100: $? = 0
configure:3111: result: yes
configure:3125: checking for Darwin
configure:3136: result: no
configure:3144: checking for int
configure:3169: gcc -c -g -O2  conftest.c >&5
configure:3172: $? = 0
configure:3175: test -s conftest.o
configure:3178: $? = 0
configure:3189: result: yes
configure:3192: checking size of int
configure:3467: gcc -o conftest -g -O2   conftest.c  >&5
configure:3470: $? = 0
configure:3472: ./conftest
configure:3475: $? = 0
configure:3498: result: 4
configure:3505: checking for long
configure:3530: gcc -c -g -O2  conftest.c >&5
configure:3533: $? = 0
configure:3536: test -s conftest.o
configure:3539: $? = 0
configure:3550: result: yes
configure:3553: checking size of long
configure:3828: gcc -o conftest -g -O2   conftest.c  >&5
configure:3831: $? = 0
configure:3833: ./conftest
configure:3836: $? = 0
configure:3859: result: 4
configure:3866: checking for long long
configure:3891: gcc -c -g -O2  conftest.c >&5
configure:3894: $? = 0
configure:3897: test -s conftest.o
configure:3900: $? = 0
configure:3911: result: yes
configure:3914: checking size of long long
configure:4189: gcc -o conftest -g -O2   conftest.c  >&5
configure:4192: $? = 0
configure:4194: ./conftest
configure:4197: $? = 0
configure:4220: result: 8
configure:4228: checking for gcc -Wformat -Werror sanity
configure:4255: gcc -c -g -O2  -Wformat -Werror conftest.c >&5
configure:4258: $? = 0
configure:4261: test -s conftest.o
configure:4264: $? = 0
configure:4276: result: yes
configure:4320: checking errno.h usability
configure:4333: gcc -c -g -O2  conftest.c >&5
configure:4336: $? = 0
configure:4339: test -s conftest.o
configure:4342: $? = 0
configure:4352: result: yes
configure:4356: checking errno.h presence
configure:4367: gcc -E  conftest.c
configure:4373: $? = 0
configure:4392: result: yes
configure:4428: checking for errno.h
configure:4435: result: yes
configure:4320: checking stdarg.h usability
configure:4333: gcc -c -g -O2  conftest.c >&5
configure:4336: $? = 0
configure:4339: test -s conftest.o
configure:4342: $? = 0
configure:4352: result: yes
configure:4356: checking stdarg.h presence
configure:4367: gcc -E  conftest.c
configure:4373: $? = 0
configure:4392: result: yes
configure:4428: checking for stdarg.h
configure:4435: result: yes
configure:4311: checking for string.h
configure:4316: result: yes
configure:4311: checking for stdlib.h
configure:4316: result: yes
configure:4453: checking for size_t
configure:4498: result: yes
configure:4501: checking size of size_t
configure:4776: gcc -o conftest -g -O2   conftest.c  >&5
configure:4779: $? = 0
configure:4781: ./conftest
configure:4784: $? = 0
configure:4807: result: 4
configure:4818: checking how to print size_t
configure:4849: gcc -c -g -O2  -Wformat -Werror conftest.c >&5
configure:4852: $? = 0
configure:4855: test -s conftest.o
configure:4858: $? = 0
configure:4880: result: u
configure:4898: checking for off_t
configure:4943: result: yes
configure:4946: checking size of off_t
configure:5221: gcc -o conftest -g -O2   conftest.c  >&5
configure:5224: $? = 0
configure:5226: ./conftest
configure:5229: $? = 0
configure:5252: result: 4
configure:5263: checking how to print off_t
configure:5294: gcc -c -g -O2  -Wformat -Werror conftest.c >&5
cc1: warnings being treated as errors
configure: In function `main':
configure:5310: warning: int format, off_t arg (arg 2)
configure:5297: $? = 1
configure: failed program was:
| #line 5275 "configure"
| /* confdefs.h.  */
| 
| #define PACKAGE_NAME "Prestan"
| #define PACKAGE_TARNAME "Prestan"
| #define PACKAGE_VERSION "0.1.0"
| #define PACKAGE_STRING "Prestan 0.1.0"
| #define PACKAGE_BUGREPORT "grase@cs.ucsc.edu"
| #define _GNU_SOURCE 1
| #define STDC_HEADERS 1
| #define HAVE_SYS_TYPES_H 1
| #define HAVE_SYS_STAT_H 1
| #define HAVE_STDLIB_H 1
| #define HAVE_STRING_H 1
| #define HAVE_MEMORY_H 1
| #define HAVE_STRINGS_H 1
| #define HAVE_INTTYPES_H 1
| #define HAVE_STDINT_H 1
| #define HAVE_UNISTD_H 1
| #define SIZEOF_INT 4
| #define SIZEOF_LONG 4
| #define SIZEOF_LONG_LONG 8
| #define HAVE_ERRNO_H 1
| #define HAVE_STDARG_H 1
| #define HAVE_STRING_H 1
| #define HAVE_STDLIB_H 1
| #define SIZEOF_SIZE_T 4
| #define NE_FMT_SIZE_T "u"
| #define SIZEOF_OFF_T 4
| /* end confdefs.h.  */
| #include <sys/types.h>
| 
| #include <stdio.h>
| int
| main ()
| {
| off_t i = 1; printf("%d", i);
|   ;
|   return 0;
| }
configure:5294: gcc -c -g -O2  -Wformat -Werror conftest.c >&5
configure:5297: $? = 0
configure:5300: test -s conftest.o
configure:5303: $? = 0
configure:5325: result: ld
configure:5344: checking for ssize_t
configure:5369: gcc -c -g -O2  conftest.c >&5
configure:5372: $? = 0
configure:5375: test -s conftest.o
configure:5378: $? = 0
configure:5389: result: yes
configure:5392: checking size of ssize_t
configure:5667: gcc -o conftest -g -O2   conftest.c  >&5
configure:5670: $? = 0
configure:5672: ./conftest
configure:5675: $? = 0
configure:5698: result: 4
configure:5709: checking how to print ssize_t
configure:5740: gcc -c -g -O2  -Wformat -Werror conftest.c >&5
configure:5743: $? = 0
configure:5746: test -s conftest.o
configure:5749: $? = 0
configure:5771: result: d
configure:5788: checking for pid_t
configure:5813: gcc -c -g -O2  conftest.c >&5
configure:5816: $? = 0
configure:5819: test -s conftest.o
configure:5822: $? = 0
configure:5833: result: yes
configure:5845: checking whether time.h and sys/time.h may both be included
configure:5871: gcc -c -g -O2  conftest.c >&5
configure:5874: $? = 0
configure:5877: test -s conftest.o
configure:5880: $? = 0
configure:5891: result: yes
configure:5950: checking for ar
configure:5968: found /usr/bin/ar
configure:5981: result: /usr/bin/ar
configure:6043: checking for ranlib
configure:6061: found /usr/bin/ranlib
configure:6074: result: /usr/bin/ranlib
configure:6111: checking sys/time.h usability
configure:6124: gcc -c -g -O2  conftest.c >&5
configure:6127: $? = 0
configure:6130: test -s conftest.o
configure:6133: $? = 0
configure:6143: result: yes
configure:6147: checking sys/time.h presence
configure:6158: gcc -E  conftest.c
configure:6164: $? = 0
configure:6183: result: yes
configure:6219: checking for sys/time.h
configure:6226: result: yes
configure:6246: checking for pipe
configure:6296: gcc -o conftest -g -O2   conftest.c  >&5
configure:6299: $? = 0
configure:6302: test -s conftest
configure:6305: $? = 0
configure:6316: result: yes
configure:6246: checking for isatty
configure:6296: gcc -o conftest -g -O2   conftest.c  >&5
configure:6299: $? = 0
configure:6302: test -s conftest
configure:6305: $? = 0
configure:6316: result: yes
configure:6246: checking for usleep
configure:6296: gcc -o conftest -g -O2   conftest.c  >&5
configure:6299: $? = 0
configure:6302: test -s conftest
configure:6305: $? = 0
configure:6316: result: yes
configure:6333: checking for time_t
configure:6358: gcc -c -g -O2  conftest.c >&5
configure:6361: $? = 0
configure:6364: test -s conftest.o
configure:6367: $? = 0
configure:6378: result: yes
configure:6381: checking size of time_t
configure:6656: gcc -o conftest -g -O2   conftest.c  >&5
configure:6659: $? = 0
configure:6661: ./conftest
configure:6664: $? = 0
configure:6687: result: 4
configure:6698: checking how to print time_t
configure:6732: gcc -c -g -O2  -Wformat -Werror conftest.c >&5
cc1: warnings being treated as errors
configure: In function `main':
configure:6757: warning: int format, time_t arg (arg 2)
configure:6735: $? = 1
configure: failed program was:
| #line 6710 "configure"
| /* confdefs.h.  */
| 
| #define PACKAGE_NAME "Prestan"
| #define PACKAGE_TARNAME "Prestan"
| #define PACKAGE_VERSION "0.1.0"
| #define PACKAGE_STRING "Prestan 0.1.0"
| #define PACKAGE_BUGREPORT "grase@cs.ucsc.edu"
| #define _GNU_SOURCE 1
| #define STDC_HEADERS 1
| #define HAVE_SYS_TYPES_H 1
| #define HAVE_SYS_STAT_H 1
| #define HAVE_STDLIB_H 1
| #define HAVE_STRING_H 1
| #define HAVE_MEMORY_H 1
| #define HAVE_STRINGS_H 1
| #define HAVE_INTTYPES_H 1
| #define HAVE_STDINT_H 1
| #define HAVE_UNISTD_H 1
| #define SIZEOF_INT 4
| #define SIZEOF_LONG 4
| #define SIZEOF_LONG_LONG 8
| #define HAVE_ERRNO_H 1
| #define HAVE_STDARG_H 1
| #define HAVE_STRING_H 1
| #define HAVE_STDLIB_H 1
| #define SIZEOF_SIZE_T 4
| #define NE_FMT_SIZE_T "u"
| #define SIZEOF_OFF_T 4
| #define NE_FMT_OFF_T "ld"
| #define SIZEOF_SSIZE_T 4
| #define NE_FMT_SSIZE_T "d"
| #define TIME_WITH_SYS_TIME 1
| #define HAVE_SYS_TIME_H 1
| #define HAVE_PIPE 1
| #define HAVE_ISATTY 1
| #define HAVE_USLEEP 1
| #define SIZEOF_TIME_T 4
| /* end confdefs.h.  */
| #include <sys/types.h>
| 
| #ifdef HAVE_SYS_TIME_H
| #include <sys/time.h>
| #endif
| #include <stdio.h>
| int
| main ()
| {
| time_t i = 1; printf("%d", i);
|   ;
|   return 0;
| }
configure:6732: gcc -c -g -O2  -Wformat -Werror conftest.c >&5
configure:6735: $? = 0
configure:6738: test -s conftest.o
configure:6741: $? = 0
configure:6763: result: ld
configure:6780: checking whether byte ordering is bigendian
configure:6808: gcc -c -g -O2  conftest.c >&5
configure:6811: $? = 0
configure:6814: test -s conftest.o
configure:6817: $? = 0
configure:6842: gcc -c -g -O2  conftest.c >&5
configure: In function `main':
configure:6866: `not' undeclared (first use in this function)
configure:6866: (Each undeclared identifier is reported only once
configure:6866: for each function it appears in.)
configure:6866: parse error before `big'
configure:6845: $? = 1
configure: failed program was:
| #line 6820 "configure"
| /* confdefs.h.  */
| 
| #define PACKAGE_NAME "Prestan"
| #define PACKAGE_TARNAME "Prestan"
| #define PACKAGE_VERSION "0.1.0"
| #define PACKAGE_STRING "Prestan 0.1.0"
| #define PACKAGE_BUGREPORT "grase@cs.ucsc.edu"
| #define _GNU_SOURCE 1
| #define STDC_HEADERS 1
| #define HAVE_SYS_TYPES_H 1
| #define HAVE_SYS_STAT_H 1
| #define HAVE_STDLIB_H 1
| #define HAVE_STRING_H 1
| #define HAVE_MEMORY_H 1
| #define HAVE_STRINGS_H 1
| #define HAVE_INTTYPES_H 1
| #define HAVE_STDINT_H 1
| #define HAVE_UNISTD_H 1
| #define SIZEOF_INT 4
| #define SIZEOF_LONG 4
| #define SIZEOF_LONG_LONG 8
| #define HAVE_ERRNO_H 1
| #define HAVE_STDARG_H 1
| #define HAVE_STRING_H 1
| #define HAVE_STDLIB_H 1
| #define SIZEOF_SIZE_T 4
| #define NE_FMT_SIZE_T "u"
| #define SIZEOF_OFF_T 4
| #define NE_FMT_OFF_T "ld"
| #define SIZEOF_SSIZE_T 4
| #define NE_FMT_SSIZE_T "d"
| #define TIME_WITH_SYS_TIME 1
| #define HAVE_SYS_TIME_H 1
| #define HAVE_PIPE 1
| #define HAVE_ISATTY 1
| #define HAVE_USLEEP 1
| #define SIZEOF_TIME_T 4
| #define NE_FMT_TIME_T "ld"
| /* end confdefs.h.  */
| #include <sys/types.h>
| #include <sys/param.h>
| 
| int
| main ()
| {
| #if BYTE_ORDER != BIG_ENDIAN
|  not big endian
| #endif
| 
|   ;
|   return 0;
| }
configure:6965: result: no
configure:6984: checking whether strerror_r is declared
configure:7009: gcc -c -g -O2  conftest.c >&5
configure:7012: $? = 0
configure:7015: test -s conftest.o
configure:7018: $? = 0
configure:7029: result: yes
configure:7051: checking for strerror_r
configure:7101: gcc -o conftest -g -O2   conftest.c  >&5
configure:7104: $? = 0
configure:7107: test -s conftest
configure:7110: $? = 0
configure:7121: result: yes
configure:7131: checking whether strerror_r returns char *
configure:7160: gcc -c -g -O2  conftest.c >&5
configure:7163: $? = 0
configure:7166: test -s conftest.o
configure:7169: $? = 0
configure:7230: result: yes
configure:7246: checking for snprintf
configure:7296: gcc -o conftest -g -O2   conftest.c  >&5
configure:7299: $? = 0
configure:7302: test -s conftest
configure:7305: $? = 0
configure:7316: result: yes
configure:7246: checking for vsnprintf
configure:7296: gcc -o conftest -g -O2   conftest.c  >&5
configure:7299: $? = 0
configure:7302: test -s conftest
configure:7305: $? = 0
configure:7316: result: yes
configure:7628: checking for neon-config
configure:7646: found /usr/local/bin/neon-config
configure:7659: result: /usr/local/bin/neon-config
configure:7687: checking linking against neon
configure:7716: gcc -o conftest -g -O2 -I/usr/local/include/neon -DNEON_ZLIB -DNEON_SSL   conftest.c  -L/usr/local/lib -lneon -lz -L/usr/lib -lssl -lcrypto -L/usr/lib -lxml -lz >&5
/tmp/ccETPpAq.o: In function `main':
/csl/grads/txu/webdav/litmus/Prestan/configure:7750: undefined reference to `ne_version_match'
collect2: ld returned 1 exit status
configure:7719: $? = 1
configure: failed program was:
| #line 7692 "configure"
| /* confdefs.h.  */
| 
| #define PACKAGE_NAME "Prestan"
| #define PACKAGE_TARNAME "Prestan"
| #define PACKAGE_VERSION "0.1.0"
| #define PACKAGE_STRING "Prestan 0.1.0"
| #define PACKAGE_BUGREPORT "grase@cs.ucsc.edu"
| #define _GNU_SOURCE 1
| #define STDC_HEADERS 1
| #define HAVE_SYS_TYPES_H 1
| #define HAVE_SYS_STAT_H 1
| #define HAVE_STDLIB_H 1
| #define HAVE_STRING_H 1
| #define HAVE_MEMORY_H 1
| #define HAVE_STRINGS_H 1
| #define HAVE_INTTYPES_H 1
| #define HAVE_STDINT_H 1
| #define HAVE_UNISTD_H 1
| #define SIZEOF_INT 4
| #define SIZEOF_LONG 4
| #define SIZEOF_LONG_LONG 8
| #define HAVE_ERRNO_H 1
| #define HAVE_STDARG_H 1
| #define HAVE_STRING_H 1
| #define HAVE_STDLIB_H 1
| #define SIZEOF_SIZE_T 4
| #define NE_FMT_SIZE_T "u"
| #define SIZEOF_OFF_T 4
| #define NE_FMT_OFF_T "ld"
| #define SIZEOF_SSIZE_T 4
| #define NE_FMT_SSIZE_T "d"
| #define TIME_WITH_SYS_TIME 1
| #define HAVE_SYS_TIME_H 1
| #define HAVE_PIPE 1
| #define HAVE_ISATTY 1
| #define HAVE_USLEEP 1
| #define SIZEOF_TIME_T 4
| #define NE_FMT_TIME_T "ld"
| #define HAVE_DECL_STRERROR_R 1
| #define HAVE_STRERROR_R 1
| #define STRERROR_R_CHAR_P 1
| #define HAVE_SNPRINTF 1
| #define HAVE_VSNPRINTF 1
| #define NEON_VERSION "0.24.0-dev"
| #define NEON_VERSION_MAJOR (0)
| #define NEON_VERSION_MINOR (24)
| /* end confdefs.h.  */
| 
| /* Override any gcc2 internal prototype to avoid an error.  */
| #ifdef __cplusplus
| extern "C"
| #endif
| /* We use char because int might match the return type of a gcc2
|    builtin and then its argument prototype would still apply.  */
| char ne_version_match ();
| int
| main ()
| {
| ne_version_match ();
|   ;
|   return 0;
| }
configure:7736: result: no
configure:7823: incompatible neon library version 0.19.3: wanted 0.24
configure:8025: using bundled neon (0.24.0-dev)
configure:8049: checking for strings.h
configure:8054: result: yes
configure:8049: checking for sys/time.h
configure:8054: result: yes
configure:8058: checking limits.h usability
configure:8071: gcc -c -g -O2  conftest.c >&5
configure:8074: $? = 0
configure:8077: test -s conftest.o
configure:8080: $? = 0
configure:8090: result: yes
configure:8094: checking limits.h presence
configure:8105: gcc -E  conftest.c
configure:8111: $? = 0
configure:8130: result: yes
configure:8166: checking for limits.h
configure:8173: result: yes
configure:8058: checking sys/select.h usability
configure:8071: gcc -c -g -O2  conftest.c >&5
configure:8074: $? = 0
configure:8077: test -s conftest.o
configure:8080: $? = 0
configure:8090: result: yes
configure:8094: checking sys/select.h presence
configure:8105: gcc -E  conftest.c
configure:8111: $? = 0
configure:8130: result: yes
configure:8166: checking for sys/select.h
configure:8173: result: yes
configure:8058: checking arpa/inet.h usability
configure:8071: gcc -c -g -O2  conftest.c >&5
configure:8074: $? = 0
configure:8077: test -s conftest.o
configure:8080: $? = 0
configure:8090: result: yes
configure:8094: checking arpa/inet.h presence
configure:8105: gcc -E  conftest.c
configure:8111: $? = 0
configure:8130: result: yes
configure:8166: checking for arpa/inet.h
configure:8173: result: yes
configure:8058: checking signal.h usability
configure:8071: gcc -c -g -O2  conftest.c >&5
configure:8074: $? = 0
configure:8077: test -s conftest.o
configure:8080: $? = 0
configure:8090: result: yes
configure:8094: checking signal.h presence
configure:8105: gcc -E  conftest.c
configure:8111: $? = 0
configure:8130: result: yes
configure:8166: checking for signal.h
configure:8173: result: yes
configure:8058: checking sys/socket.h usability
configure:8071: gcc -c -g -O2  conftest.c >&5
configure:8074: $? = 0
configure:8077: test -s conftest.o
configure:8080: $? = 0
configure:8090: result: yes
configure:8094: checking sys/socket.h presence
configure:8105: gcc -E  conftest.c
configure:8111: $? = 0
configure:8130: result: yes
configure:8166: checking for sys/socket.h
configure:8173: result: yes
configure:8058: checking netinet/in.h usability
configure:8071: gcc -c -g -O2  conftest.c >&5
configure:8074: $? = 0
configure:8077: test -s conftest.o
configure:8080: $? = 0
configure:8090: result: yes
configure:8094: checking netinet/in.h presence
configure:8105: gcc -E  conftest.c
configure:8111: $? = 0
configure:8130: result: yes
configure:8166: checking for netinet/in.h
configure:8173: result: yes
configure:8058: checking netdb.h usability
configure:8071: gcc -c -g -O2  conftest.c >&5
configure:8074: $? = 0
configure:8077: test -s conftest.o
configure:8080: $? = 0
configure:8090: result: yes
configure:8094: checking netdb.h presence
configure:8105: gcc -E  conftest.c
configure:8111: $? = 0
configure:8130: result: yes
configure:8166: checking for netdb.h
configure:8173: result: yes
configure:8193: checking for strcasecmp
configure:8243: gcc -o conftest -g -O2   conftest.c  >&5
configure:8246: $? = 0
configure:8249: test -s conftest
configure:8252: $? = 0
configure:8263: result: yes
configure:8284: checking for signal
configure:8334: gcc -o conftest -g -O2   conftest.c  >&5
configure:8337: $? = 0
configure:8340: test -s conftest
configure:8343: $? = 0
configure:8354: result: yes
configure:8284: checking for setvbuf
configure:8334: gcc -o conftest -g -O2   conftest.c  >&5
configure:8337: $? = 0
configure:8340: test -s conftest
configure:8343: $? = 0
configure:8354: result: yes
configure:8284: checking for setsockopt
configure:8334: gcc -o conftest -g -O2   conftest.c  >&5
configure:8337: $? = 0
configure:8340: test -s conftest
configure:8343: $? = 0
configure:8354: result: yes
configure:8284: checking for stpcpy
configure:8334: gcc -o conftest -g -O2   conftest.c  >&5
configure:8337: $? = 0
configure:8340: test -s conftest
configure:8343: $? = 0
configure:8354: result: yes
configure:8369: checking for library containing socket
configure:8399: gcc -o conftest -g -O2   conftest.c  >&5
configure:8402: $? = 0
configure:8405: test -s conftest
configure:8408: $? = 0
configure:8468: result: none needed
configure:8481: checking for library containing gethostbyname
configure:8511: gcc -o conftest -g -O2   conftest.c  >&5
configure:8514: $? = 0
configure:8517: test -s conftest
configure:8520: $? = 0
configure:8580: result: none needed
configure:8604: checking for getaddrinfo
configure:8654: gcc -o conftest -g -O2   conftest.c   >&5
configure:8657: $? = 0
configure:8660: test -s conftest
configure:8663: $? = 0
configure:8674: result: yes
configure:8604: checking for gai_strerror
configure:8654: gcc -o conftest -g -O2   conftest.c   >&5
configure:8657: $? = 0
configure:8660: test -s conftest
configure:8663: $? = 0
configure:8674: result: yes
configure:8604: checking for inet_ntop
configure:8654: gcc -o conftest -g -O2   conftest.c   >&5
configure:8657: $? = 0
configure:8660: test -s conftest
configure:8663: $? = 0
configure:8674: result: yes
configure:8946: checking for struct tm.tm_gmtoff
configure:8971: gcc -c -g -O2  conftest.c >&5
configure:8974: $? = 0
configure:8977: test -s conftest.o
configure:8980: $? = 0
configure:9029: result: yes
configure:9050: checking whether to enable ACL support in neon
configure:9053: result: no
configure:10219: checking whether to enable WebDAV support in neon
configure:10245: result: yes
configure:10727: checking for xml2-config
configure:10756: result: no
configure:10932: checking expat.h usability
configure:10945: gcc -c -g -O2 -I$(top_srcdir)/libneon  conftest.c >&5
configure:10948: $? = 0
configure:10951: test -s conftest.o
configure:10954: $? = 0
configure:10964: result: yes
configure:10968: checking expat.h presence
configure:10979: gcc -E  conftest.c
configure:10985: $? = 0
configure:11004: result: yes
configure:11040: checking for expat.h
configure:11047: result: yes
configure:11052: checking for XML_SetXmlDeclHandler in -lexpat
configure:11083: gcc -o conftest -g -O2 -I$(top_srcdir)/libneon   conftest.c -lexpat   >&5
configure:11086: $? = 0
configure:11089: test -s conftest
configure:11092: $? = 0
configure:11104: result: yes
configure:11166: XML parser used: expat
configure:11181: checking for getopt_long
configure:11231: gcc -o conftest -g -O2 -I$(top_srcdir)/libneon   conftest.c  >&5
configure:11234: $? = 0
configure:11237: test -s conftest
configure:11240: $? = 0
configure:11251: result: yes
configure:11273: debugging is enabled
configure:11412: creating ./config.status

## ---------------------- ##
## Running config.status. ##
## ---------------------- ##

This file was extended by Prestan config.status 0.1.0, which was
generated by GNU Autoconf 2.57.  Invocation command line was

  CONFIG_FILES    = 
  CONFIG_HEADERS  = 
  CONFIG_LINKS    = 
  CONFIG_COMMANDS = 
  $ ./config.status 

on ocean

config.status:636: creating Prestan
config.status:636: creating Makefile
config.status:636: creating libneon/Makefile
config.status:744: creating config.h
configure:12432: Configured to build Prestan 0.1.0:

  Install prefix:  /usr/local
  Compiler:        gcc
  neon library:    included libneon (0.24.0-dev)
  XML parser:      expat
  SSL library:     No SSL support

Now run 'make' to compile the test suite.

## ---------------- ##
## Cache variables. ##
## ---------------- ##

ac_cv_c_bigendian=no
ac_cv_c_compiler_gnu=yes
ac_cv_c_const=yes
ac_cv_c_inline=inline
ac_cv_env_CC_set=
ac_cv_env_CC_value=
ac_cv_env_CFLAGS_set=
ac_cv_env_CFLAGS_value=
ac_cv_env_CPPFLAGS_set=
ac_cv_env_CPPFLAGS_value=
ac_cv_env_CPP_set=
ac_cv_env_CPP_value=
ac_cv_env_LDFLAGS_set=
ac_cv_env_LDFLAGS_value=
ac_cv_env_build_alias_set=
ac_cv_env_build_alias_value=
ac_cv_env_host_alias_set=
ac_cv_env_host_alias_value=
ac_cv_env_target_alias_set=
ac_cv_env_target_alias_value=
ac_cv_exeext=
ac_cv_func_gai_strerror=yes
ac_cv_func_getaddrinfo=yes
ac_cv_func_getopt_long=yes
ac_cv_func_inet_ntop=yes
ac_cv_func_isatty=yes
ac_cv_func_pipe=yes
ac_cv_func_setsockopt=yes
ac_cv_func_setvbuf=yes
ac_cv_func_signal=yes
ac_cv_func_snprintf=yes
ac_cv_func_stpcpy=yes
ac_cv_func_strcasecmp=yes
ac_cv_func_strerror_r=yes
ac_cv_func_strerror_r_char_p=yes
ac_cv_func_usleep=yes
ac_cv_func_vsnprintf=yes
ac_cv_have_decl_strerror_r=yes
ac_cv_header_arpa_inet_h=yes
ac_cv_header_errno_h=yes
ac_cv_header_expat_h=yes
ac_cv_header_inttypes_h=yes
ac_cv_header_limits_h=yes
ac_cv_header_memory_h=yes
ac_cv_header_netdb_h=yes
ac_cv_header_netinet_in_h=yes
ac_cv_header_signal_h=yes
ac_cv_header_stdarg_h=yes
ac_cv_header_stdc=yes
ac_cv_header_stdint_h=yes
ac_cv_header_stdlib_h=yes
ac_cv_header_string_h=yes
ac_cv_header_strings_h=yes
ac_cv_header_sys_select_h=yes
ac_cv_header_sys_socket_h=yes
ac_cv_header_sys_stat_h=yes
ac_cv_header_sys_time_h=yes
ac_cv_header_sys_types_h=yes
ac_cv_header_time=yes
ac_cv_header_unistd_h=yes
ac_cv_lib_cposix_strerror=no
ac_cv_lib_expat_XML_SetXmlDeclHandler=yes
ac_cv_member_struct_tm_tm_gmtoff=yes
ac_cv_objext=o
ac_cv_path_NEON_CONFIG=/usr/local/bin/neon-config
ac_cv_path_ac_pt_AR=/usr/bin/ar
ac_cv_path_ac_pt_RANLIB=/usr/bin/ranlib
ac_cv_path_install=$'/usr/bin/install -c'
ac_cv_prog_CPP=$'gcc -E'
ac_cv_prog_ac_ct_CC=gcc
ac_cv_prog_cc_g=yes
ac_cv_prog_cc_stdc=
ac_cv_prog_egrep=$'grep -E'
ac_cv_prog_make_make_set=yes
ac_cv_sizeof_int=4
ac_cv_sizeof_long=4
ac_cv_sizeof_long_long=8
ac_cv_sizeof_off_t=4
ac_cv_sizeof_size_t=4
ac_cv_sizeof_ssize_t=4
ac_cv_sizeof_time_t=4
ac_cv_type_int=yes
ac_cv_type_long=yes
ac_cv_type_long_long=yes
ac_cv_type_off_t=yes
ac_cv_type_pid_t=yes
ac_cv_type_size_t=yes
ac_cv_type_ssize_t=yes
ac_cv_type_time_t=yes
ne_cv_cc_werror=yes
ne_cv_fmt_off_t=ld
ne_cv_fmt_size_t=u
ne_cv_fmt_ssize_t=d
ne_cv_fmt_time_t=ld
ne_cv_lib_neon=no
ne_cv_libsfor_gethostbyname=$'none needed'
ne_cv_libsfor_socket=$'none needed'
ne_cv_os_macosx=no

## ----------------- ##
## Output variables. ##
## ----------------- ##

AR='/usr/bin/ar'
CC='gcc'
CFLAGS='-g -O2 -I$(top_srcdir)/libneon'
CPP='gcc -E'
CPPFLAGS=' -I${top_builddir} -I$(top_srcdir)/lib'
DEFS='-DHAVE_CONFIG_H'
ECHO_C=''
ECHO_N='-n'
ECHO_T=''
EGREP='grep -E'
EXEEXT=''
INSTALL_DATA='${INSTALL} -m 644'
INSTALL_PROGRAM='${INSTALL}'
INSTALL_SCRIPT='${INSTALL}'
LDFLAGS=''
LIBOBJS=''
LIBS=''
LTLIBOBJS=''
NEONOBJS=' $(NEON_DAVOBJS)'
NEON_BUILD_BUNDLED='yes'
NEON_CFLAGS=''
NEON_CONFIG='/usr/local/bin/neon-config'
NEON_EXTRAOBJS=''
NEON_LIBS='-Llibneon -lneon  -lexpat'
NEON_LINK_FLAGS=''
NEON_OBJEXT='o'
NEON_SUPPORTS_DAV='yes'
NEON_SUPPORTS_SSL='no'
NEON_TARGET='libneon.a'
OBJEXT='o'
PACKAGE_BUGREPORT='grase@cs.ucsc.edu'
PACKAGE_NAME='Prestan'
PACKAGE_STRING='Prestan 0.1.0'
PACKAGE_TARNAME='Prestan'
PACKAGE_VERSION='0.1.0'
PATH_SEPARATOR=':'
PKG_CONFIG=''
RANLIB='/usr/bin/ranlib'
SET_MAKE=''
SHELL='/bin/sh'
TESTS='Prestan'
XML2_CONFIG=''
ac_ct_CC='gcc'
ac_pt_AR='/usr/bin/ar'
ac_pt_RANLIB='/usr/bin/ranlib'
bindir='${exec_prefix}/bin'
build_alias=''
datadir='${prefix}/share'
exec_prefix='${prefix}'
host_alias=''
includedir='${prefix}/include'
infodir='${prefix}/info'
libdir='${exec_prefix}/lib'
libexecdir='${exec_prefix}/libexec'
localstatedir='${prefix}/var'
mandir='${prefix}/man'
oldincludedir='/usr/include'
prefix='/usr/local'
program_transform_name='s,x,x,'
sbindir='${exec_prefix}/sbin'
sharedstatedir='${prefix}/com'
sysconfdir='${prefix}/etc'
target_alias=''

## ----------- ##
## confdefs.h. ##
## ----------- ##

#define HAVE_ARPA_INET_H 1
#define HAVE_DECL_STRERROR_R 1
#define HAVE_ERRNO_H 1
#define HAVE_EXPAT 1
#define HAVE_GAI_STRERROR 1
#define HAVE_GETADDRINFO 1
#define HAVE_INET_NTOP 1
#define HAVE_INTTYPES_H 1
#define HAVE_ISATTY 1
#define HAVE_LIMITS_H 1
#define HAVE_MEMORY_H 1
#define HAVE_NETDB_H 1
#define HAVE_NETINET_IN_H 1
#define HAVE_PIPE 1
#define HAVE_SETSOCKOPT 1
#define HAVE_SETVBUF 1
#define HAVE_SIGNAL 1
#define HAVE_SIGNAL_H 1
#define HAVE_SNPRINTF 1
#define HAVE_STDARG_H 1
#define HAVE_STDINT_H 1
#define HAVE_STDLIB_H 1
#define HAVE_STDLIB_H 1
#define HAVE_STPCPY 1
#define HAVE_STRCASECMP 1
#define HAVE_STRERROR_R 1
#define HAVE_STRINGS_H 1
#define HAVE_STRINGS_H 1
#define HAVE_STRING_H 1
#define HAVE_STRING_H 1
#define HAVE_STRUCT_TM_TM_GMTOFF 1
#define HAVE_SYS_SELECT_H 1
#define HAVE_SYS_SOCKET_H 1
#define HAVE_SYS_STAT_H 1
#define HAVE_SYS_TIME_H 1
#define HAVE_SYS_TIME_H 1
#define HAVE_SYS_TYPES_H 1
#define HAVE_UNISTD_H 1
#define HAVE_USLEEP 1
#define HAVE_VSNPRINTF 1
#define NEON_VERSION "0.24.0-dev"
#define NEON_VERSION_MAJOR (0)
#define NEON_VERSION_MINOR (24)
#define NE_DEBUGGING 1
#define NE_FMT_OFF_T "ld"
#define NE_FMT_SIZE_T "u"
#define NE_FMT_SSIZE_T "d"
#define NE_FMT_TIME_T "ld"
#define PACKAGE_BUGREPORT "grase@cs.ucsc.edu"
#define PACKAGE_NAME "Prestan"
#define PACKAGE_STRING "Prestan 0.1.0"
#define PACKAGE_TARNAME "Prestan"
#define PACKAGE_VERSION "0.1.0"
#define SIZEOF_INT 4
#define SIZEOF_LONG 4
#define SIZEOF_LONG_LONG 8
#define SIZEOF_OFF_T 4
#define SIZEOF_SIZE_T 4
#define SIZEOF_SSIZE_T 4
#define SIZEOF_TIME_T 4
#define STDC_HEADERS 1
#define STRERROR_R_CHAR_P 1
#define TIME_WITH_SYS_TIME 1
#define USE_DAV_LOCKS 1
#define USE_GETADDRINFO 1
#define _GNU_SOURCE 1

configure: exit 0
